000 (2820372.000.000) 2024-04-24 11:53:52 Job submitted from host: <131.225.189.251:9618?addrs=131.225.189.251-9618+[2620-6a-0-8421--e8]-9618&alias=lpcschedd4.fnal.gov&noUDP&sock=schedd_1865_d037>
...
000 (2820372.001.000) 2024-04-24 11:53:52 Job submitted from host: <131.225.189.251:9618?addrs=131.225.189.251-9618+[2620-6a-0-8421--e8]-9618&alias=lpcschedd4.fnal.gov&noUDP&sock=schedd_1865_d037>
...
000 (2820372.002.000) 2024-04-24 11:53:52 Job submitted from host: <131.225.189.251:9618?addrs=131.225.189.251-9618+[2620-6a-0-8421--e8]-9618&alias=lpcschedd4.fnal.gov&noUDP&sock=schedd_1865_d037>
...
000 (2820372.003.000) 2024-04-24 11:53:52 Job submitted from host: <131.225.189.251:9618?addrs=131.225.189.251-9618+[2620-6a-0-8421--e8]-9618&alias=lpcschedd4.fnal.gov&noUDP&sock=schedd_1865_d037>
...
000 (2820372.004.000) 2024-04-24 11:53:52 Job submitted from host: <131.225.189.251:9618?addrs=131.225.189.251-9618+[2620-6a-0-8421--e8]-9618&alias=lpcschedd4.fnal.gov&noUDP&sock=schedd_1865_d037>
...
000 (2820372.005.000) 2024-04-24 11:53:52 Job submitted from host: <131.225.189.251:9618?addrs=131.225.189.251-9618+[2620-6a-0-8421--e8]-9618&alias=lpcschedd4.fnal.gov&noUDP&sock=schedd_1865_d037>
...
000 (2820372.006.000) 2024-04-24 11:53:52 Job submitted from host: <131.225.189.251:9618?addrs=131.225.189.251-9618+[2620-6a-0-8421--e8]-9618&alias=lpcschedd4.fnal.gov&noUDP&sock=schedd_1865_d037>
...
000 (2820372.007.000) 2024-04-24 11:53:52 Job submitted from host: <131.225.189.251:9618?addrs=131.225.189.251-9618+[2620-6a-0-8421--e8]-9618&alias=lpcschedd4.fnal.gov&noUDP&sock=schedd_1865_d037>
...
000 (2820372.008.000) 2024-04-24 11:53:52 Job submitted from host: <131.225.189.251:9618?addrs=131.225.189.251-9618+[2620-6a-0-8421--e8]-9618&alias=lpcschedd4.fnal.gov&noUDP&sock=schedd_1865_d037>
...
000 (2820372.009.000) 2024-04-24 11:53:52 Job submitted from host: <131.225.189.251:9618?addrs=131.225.189.251-9618+[2620-6a-0-8421--e8]-9618&alias=lpcschedd4.fnal.gov&noUDP&sock=schedd_1865_d037>
...
040 (2820372.002.000) 2024-04-24 11:54:09 Started transferring input files
	Transferring to host: <131.225.188.94:9618?addrs=[2620-6a-0-8421-f0-0-188-94]-9618+131.225.188.94-9618&alias=cmswn2045.fnal.gov&noUDP&sock=slot1_12_2833_dacc_12143>
...
040 (2820372.003.000) 2024-04-24 11:54:09 Started transferring input files
	Transferring to host: <131.225.188.149:9618?addrs=[2620-6a-0-8421-f0-0-188-149]-9618+131.225.188.149-9618&alias=cmswn2052.fnal.gov&noUDP&sock=slot1_3_2549_c041_12335>
...
040 (2820372.005.000) 2024-04-24 11:54:09 Started transferring input files
	Transferring to host: <131.225.188.172:9618?addrs=[2620-6a-0-8421-f0-0-188-172]-9618+131.225.188.172-9618&alias=cmswn2057.fnal.gov&noUDP&sock=slot1_8_2693_3647_9977>
...
040 (2820372.000.000) 2024-04-24 11:54:09 Started transferring input files
	Transferring to host: <131.225.189.162:9618?addrs=[2620-6a-0-8421-f0-0-189-162]-9618+131.225.189.162-9618&alias=cmswn2116.fnal.gov&noUDP&sock=slot1_14_52893_a740_71275>
...
001 (2820372.003.000) 2024-04-24 11:54:09 Job executing on host: <131.225.188.149:9618?addrs=[2620-6a-0-8421-f0-0-188-149]-9618+131.225.188.149-9618&alias=cmswn2052.fnal.gov&noUDP&sock=startd_1974_940a>
	SlotName: slot1_3@cmswn2052.fnal.gov
	CondorScratchDir = "/storage/local/data1/condor/execute/dir_2226726"
	Cpus = 1
	Disk = 1676127
	Memory = 2048
...
040 (2820372.003.000) 2024-04-24 11:54:09 Finished transferring input files
...
040 (2820372.002.000) 2024-04-24 11:54:09 Finished transferring input files
...
001 (2820372.002.000) 2024-04-24 11:54:09 Job executing on host: <131.225.188.94:9618?addrs=[2620-6a-0-8421-f0-0-188-94]-9618+131.225.188.94-9618&alias=cmswn2045.fnal.gov&noUDP&sock=startd_1977_a2d3>
	SlotName: slot1_12@cmswn2045.fnal.gov
	CondorScratchDir = "/storage/local/data1/condor/execute/dir_2717312"
	Cpus = 1
	Disk = 1676127
	Memory = 2048
...
001 (2820372.005.000) 2024-04-24 11:54:09 Job executing on host: <131.225.188.172:9618?addrs=[2620-6a-0-8421-f0-0-188-172]-9618+131.225.188.172-9618&alias=cmswn2057.fnal.gov&noUDP&sock=startd_1998_0a50>
	SlotName: slot1_8@cmswn2057.fnal.gov
	CondorScratchDir = "/storage/local/data1/condor/execute/dir_1265899"
	Cpus = 1
	Disk = 1676127
	Memory = 2048
...
040 (2820372.005.000) 2024-04-24 11:54:09 Finished transferring input files
...
040 (2820372.000.000) 2024-04-24 11:54:09 Finished transferring input files
...
001 (2820372.000.000) 2024-04-24 11:54:09 Job executing on host: <131.225.189.162:9618?addrs=[2620-6a-0-8421-f0-0-189-162]-9618+131.225.189.162-9618&alias=cmswn2116.fnal.gov&noUDP&sock=startd_52850_4858>
	SlotName: slot1_14@cmswn2116.fnal.gov
...
040 (2820372.001.000) 2024-04-24 11:54:10 Started transferring input files
	Transferring to host: <131.225.189.173:9618?addrs=[2620-6a-0-8421-f0-0-189-173]-9618+131.225.189.173-9618&alias=cmswn2123.fnal.gov&noUDP&sock=slot1_11_62918_2c38_17576>
...
040 (2820372.007.000) 2024-04-24 11:54:10 Started transferring input files
	Transferring to host: <131.225.188.84:9618?addrs=[2620-6a-0-8421-f0-0-188-84]-9618+131.225.188.84-9618&alias=cmswn2041.fnal.gov&noUDP&sock=slot1_8_2410_d01b_10179>
...
040 (2820372.006.000) 2024-04-24 11:54:10 Started transferring input files
	Transferring to host: <131.225.189.137:9618?addrs=[2620-6a-0-8421--b2]-9618+131.225.189.137-9618&alias=cmswn2106.fnal.gov&noUDP&sock=slot1_10_2444_c4dc_93804>
...
040 (2820372.008.000) 2024-04-24 11:54:10 Started transferring input files
	Transferring to host: <131.225.188.20:9618?addrs=[2620-6a-0-8421-f0-0-188-20]-9618+131.225.188.20-9618&alias=cmswn2022.fnal.gov&noUDP&sock=slot1_6_2653_0745_13141>
...
040 (2820372.009.000) 2024-04-24 11:54:10 Started transferring input files
	Transferring to host: <131.225.189.192:9618?addrs=[2620-6a-0-8421-f0-0-189-192]-9618+131.225.189.192-9618&alias=cmswn2136.fnal.gov&noUDP&sock=slot1_1_2092_c0ce_9901>
...
001 (2820372.007.000) 2024-04-24 11:54:11 Job executing on host: <131.225.188.84:9618?addrs=[2620-6a-0-8421-f0-0-188-84]-9618+131.225.188.84-9618&alias=cmswn2041.fnal.gov&noUDP&sock=startd_1963_087f>
	SlotName: slot1_8@cmswn2041.fnal.gov
	CondorScratchDir = "/storage/local/data1/condor/execute/dir_1312375"
	Cpus = 1
	Disk = 1676127
	Memory = 2048
...
040 (2820372.007.000) 2024-04-24 11:54:11 Finished transferring input files
...
040 (2820372.001.000) 2024-04-24 11:54:11 Finished transferring input files
...
001 (2820372.001.000) 2024-04-24 11:54:11 Job executing on host: <131.225.189.173:9618?addrs=[2620-6a-0-8421-f0-0-189-173]-9618+131.225.189.173-9618&alias=cmswn2123.fnal.gov&noUDP&sock=startd_62882_6671>
	SlotName: slot1_11@cmswn2123.fnal.gov
...
001 (2820372.008.000) 2024-04-24 11:54:11 Job executing on host: <131.225.188.20:9618?addrs=[2620-6a-0-8421-f0-0-188-20]-9618+131.225.188.20-9618&alias=cmswn2022.fnal.gov&noUDP&sock=startd_2211_23fc>
	SlotName: slot1_6@cmswn2022.fnal.gov
	CondorScratchDir = "/storage/local/data1/condor/execute/dir_133147"
	Cpus = 1
	Disk = 1804652
	Memory = 2048
...
040 (2820372.008.000) 2024-04-24 11:54:11 Finished transferring input files
...
040 (2820372.006.000) 2024-04-24 11:54:11 Finished transferring input files
...
001 (2820372.006.000) 2024-04-24 11:54:11 Job executing on host: <131.225.189.137:9618?addrs=[2620-6a-0-8421--b2]-9618+131.225.189.137-9618&alias=cmswn2106.fnal.gov&noUDP&sock=startd_1998_0a50>
	SlotName: slot1_10@cmswn2106.fnal.gov
...
040 (2820372.009.000) 2024-04-24 11:54:11 Finished transferring input files
...
001 (2820372.009.000) 2024-04-24 11:54:11 Job executing on host: <131.225.189.192:9618?addrs=[2620-6a-0-8421-f0-0-189-192]-9618+131.225.189.192-9618&alias=cmswn2136.fnal.gov&noUDP&sock=startd_2021_d0fe>
	SlotName: slot1_1@cmswn2136.fnal.gov
...
040 (2820372.004.000) 2024-04-24 11:54:11 Started transferring input files
	Transferring to host: <131.225.189.167:9618?addrs=[2620-6a-0-8421-f0-0-189-167]-9618+131.225.189.167-9618&alias=cmswn2119.fnal.gov&noUDP&sock=slot1_11_2205_5f33_73905>
...
040 (2820372.004.000) 2024-04-24 11:54:11 Finished transferring input files
...
001 (2820372.004.000) 2024-04-24 11:54:11 Job executing on host: <131.225.189.167:9618?addrs=[2620-6a-0-8421-f0-0-189-167]-9618+131.225.189.167-9618&alias=cmswn2119.fnal.gov&noUDP&sock=startd_2111_8c84>
	SlotName: slot1_11@cmswn2119.fnal.gov
...
006 (2820372.000.000) 2024-04-24 11:54:18 Image size of job updated: 8
	8  -  MemoryUsage of job (MB)
	9020  -  ResidentSetSize of job (KB)
...
006 (2820372.009.000) 2024-04-24 11:54:19 Image size of job updated: 8
	8  -  MemoryUsage of job (MB)
	9016  -  ResidentSetSize of job (KB)
...
006 (2820372.001.000) 2024-04-24 11:54:19 Image size of job updated: 8
	8  -  MemoryUsage of job (MB)
	9020  -  ResidentSetSize of job (KB)
...
006 (2820372.006.000) 2024-04-24 11:54:20 Image size of job updated: 8
	8  -  MemoryUsage of job (MB)
	9012  -  ResidentSetSize of job (KB)
...
006 (2820372.004.000) 2024-04-24 11:54:20 Image size of job updated: 8
	8  -  MemoryUsage of job (MB)
	9012  -  ResidentSetSize of job (KB)
...
006 (2820372.004.000) 2024-04-24 11:54:46 Image size of job updated: 161
	161  -  MemoryUsage of job (MB)
	165688  -  ResidentSetSize of job (KB)
...
040 (2820372.004.000) 2024-04-24 11:54:46 Started transferring output files
...
040 (2820372.004.000) 2024-04-24 11:54:46 Finished transferring output files
...
005 (2820372.004.000) 2024-04-24 11:54:48 Job terminated.
	(0) Abnormal termination (signal 11)
	(0) No core file
		Usr 0 00:00:02, Sys 0 00:00:00  -  Run Remote Usage
		Usr 0 00:00:00, Sys 0 00:00:00  -  Run Local Usage
		Usr 0 00:00:02, Sys 0 00:00:00  -  Total Remote Usage
		Usr 0 00:00:00, Sys 0 00:00:00  -  Total Local Usage
	10257  -  Run Bytes Sent By Job
	42474576  -  Run Bytes Received By Job
	10257  -  Total Bytes Sent By Job
	42474576  -  Total Bytes Received By Job
	Partitionable Resources :    Usage  Request Allocated 
	   Cpus                 :        0        1         1 
	   Disk (KB)            :   216027    42500   3462272 
	   Memory (MB)          :      161     2048      2048 

	Job terminated of its own accord at 2024-04-24T16:54:46Z with signal 11.
...
006 (2820372.000.000) 2024-04-24 11:55:18 Image size of job updated: 138
	138  -  MemoryUsage of job (MB)
	141868  -  ResidentSetSize of job (KB)
...
006 (2820372.009.000) 2024-04-24 11:55:19 Image size of job updated: 137
	137  -  MemoryUsage of job (MB)
	140320  -  ResidentSetSize of job (KB)
...
006 (2820372.006.000) 2024-04-24 11:55:20 Image size of job updated: 117
	117  -  MemoryUsage of job (MB)
	120272  -  ResidentSetSize of job (KB)
...
006 (2820372.001.000) 2024-04-24 11:55:20 Image size of job updated: 124
	124  -  MemoryUsage of job (MB)
	127128  -  ResidentSetSize of job (KB)
...
040 (2820372.007.000) 2024-04-24 11:55:36 Started transferring output files
...
040 (2820372.007.000) 2024-04-24 11:55:36 Finished transferring output files
...
005 (2820372.007.000) 2024-04-24 11:55:37 Job terminated.
	(1) Normal termination (return value 0)
		Usr 0 00:00:00, Sys 0 00:00:00  -  Run Remote Usage
		Usr 0 00:00:00, Sys 0 00:00:00  -  Run Local Usage
		Usr 0 00:00:00, Sys 0 00:00:00  -  Total Remote Usage
		Usr 0 00:00:00, Sys 0 00:00:00  -  Total Local Usage
	59629  -  Run Bytes Sent By Job
	42474576  -  Run Bytes Received By Job
	59629  -  Total Bytes Sent By Job
	42474576  -  Total Bytes Received By Job
	Partitionable Resources :    Usage  Request Allocated 
	   Cpus                 :        0        1         1 
	   Disk (KB)            :   216075    42500   1676127 
	   Memory (MB)          :              2048      2048 

	Job terminated of its own accord at 2024-04-24T16:55:36Z with exit-code 0.
...
006 (2820372.000.000) 2024-04-24 11:55:39 Image size of job updated: 163
	163  -  MemoryUsage of job (MB)
	167456  -  ResidentSetSize of job (KB)
...
040 (2820372.000.000) 2024-04-24 11:55:40 Started transferring output files
...
040 (2820372.000.000) 2024-04-24 11:55:46 Finished transferring output files
...
005 (2820372.000.000) 2024-04-24 11:55:47 Job terminated.
	(1) Normal termination (return value 0)
		Usr 0 00:01:19, Sys 0 00:00:02  -  Run Remote Usage
		Usr 0 00:00:00, Sys 0 00:00:00  -  Run Local Usage
		Usr 0 00:01:19, Sys 0 00:00:02  -  Total Remote Usage
		Usr 0 00:00:00, Sys 0 00:00:00  -  Total Local Usage
	57188  -  Run Bytes Sent By Job
	42474576  -  Run Bytes Received By Job
	57188  -  Total Bytes Sent By Job
	42474576  -  Total Bytes Received By Job
	Partitionable Resources :     Usage  Request Allocated 
	   Cpus                 :      0.00        1         1 
	   Disk (KB)            : 216074       42500   3442963 
	   Memory (MB)          :    163        2048      2048 

	Job terminated of its own accord at 2024-04-24T16:55:39Z with exit-code 0.
...
006 (2820372.009.000) 2024-04-24 11:55:58 Image size of job updated: 185
	185  -  MemoryUsage of job (MB)
	190312  -  ResidentSetSize of job (KB)
...
040 (2820372.009.000) 2024-04-24 11:55:58 Started transferring output files
...
040 (2820372.009.000) 2024-04-24 11:55:58 Finished transferring output files
...
005 (2820372.009.000) 2024-04-24 11:55:59 Job terminated.
	(1) Normal termination (return value 0)
		Usr 0 00:01:35, Sys 0 00:00:02  -  Run Remote Usage
		Usr 0 00:00:00, Sys 0 00:00:00  -  Run Local Usage
		Usr 0 00:01:35, Sys 0 00:00:02  -  Total Remote Usage
		Usr 0 00:00:00, Sys 0 00:00:00  -  Total Local Usage
	61912  -  Run Bytes Sent By Job
	42474576  -  Run Bytes Received By Job
	61912  -  Total Bytes Sent By Job
	42474576  -  Total Bytes Received By Job
	Partitionable Resources :     Usage  Request Allocated 
	   Cpus                 :      0.00        1         1 
	   Disk (KB)            : 216077       42500   3467232 
	   Memory (MB)          :    185        2048      2048 

	Job terminated of its own accord at 2024-04-24T16:55:58Z with exit-code 0.
...
040 (2820372.003.000) 2024-04-24 11:56:16 Started transferring output files
...
040 (2820372.003.000) 2024-04-24 11:56:16 Finished transferring output files
...
005 (2820372.003.000) 2024-04-24 11:56:18 Job terminated.
	(1) Normal termination (return value 0)
		Usr 0 00:00:00, Sys 0 00:00:00  -  Run Remote Usage
		Usr 0 00:00:00, Sys 0 00:00:00  -  Run Local Usage
		Usr 0 00:00:00, Sys 0 00:00:00  -  Total Remote Usage
		Usr 0 00:00:00, Sys 0 00:00:00  -  Total Local Usage
	61932  -  Run Bytes Sent By Job
	42474576  -  Run Bytes Received By Job
	61932  -  Total Bytes Sent By Job
	42474576  -  Total Bytes Received By Job
	Partitionable Resources :    Usage  Request Allocated 
	   Cpus                 :        0        1         1 
	   Disk (KB)            :   216078    42500   1676127 
	   Memory (MB)          :              2048      2048 

	Job terminated of its own accord at 2024-04-24T16:56:16Z with exit-code 0.
...
006 (2820372.001.000) 2024-04-24 11:56:20 Image size of job updated: 197
	197  -  MemoryUsage of job (MB)
	202536  -  ResidentSetSize of job (KB)
...
006 (2820372.006.000) 2024-04-24 11:56:20 Image size of job updated: 194
	194  -  MemoryUsage of job (MB)
	199396  -  ResidentSetSize of job (KB)
...
040 (2820372.001.000) 2024-04-24 11:56:21 Started transferring output files
...
040 (2820372.001.000) 2024-04-24 11:56:21 Finished transferring output files
...
040 (2820372.002.000) 2024-04-24 11:56:22 Started transferring output files
...
040 (2820372.002.000) 2024-04-24 11:56:22 Finished transferring output files
...
005 (2820372.002.000) 2024-04-24 11:56:22 Job terminated.
	(1) Normal termination (return value 0)
		Usr 0 00:00:00, Sys 0 00:00:00  -  Run Remote Usage
		Usr 0 00:00:00, Sys 0 00:00:00  -  Run Local Usage
		Usr 0 00:00:00, Sys 0 00:00:00  -  Total Remote Usage
		Usr 0 00:00:00, Sys 0 00:00:00  -  Total Local Usage
	64055  -  Run Bytes Sent By Job
	42474576  -  Run Bytes Received By Job
	64055  -  Total Bytes Sent By Job
	42474576  -  Total Bytes Received By Job
	Partitionable Resources :     Usage  Request Allocated 
	   Cpus                 :      0.00        1         1 
	   Disk (KB)            : 216080       42500   1676127 
	   Memory (MB)          :               2048      2048 

	Job terminated of its own accord at 2024-04-24T16:56:21Z with exit-code 0.
...
005 (2820372.001.000) 2024-04-24 11:56:22 Job terminated.
	(1) Normal termination (return value 0)
		Usr 0 00:02:01, Sys 0 00:00:03  -  Run Remote Usage
		Usr 0 00:00:00, Sys 0 00:00:00  -  Run Local Usage
		Usr 0 00:02:01, Sys 0 00:00:03  -  Total Remote Usage
		Usr 0 00:00:00, Sys 0 00:00:00  -  Total Local Usage
	62700  -  Run Bytes Sent By Job
	42474576  -  Run Bytes Received By Job
	62700  -  Total Bytes Sent By Job
	42474576  -  Total Bytes Received By Job
	Partitionable Resources :     Usage  Request Allocated 
	   Cpus                 :      0.00        1         1 
	   Disk (KB)            : 216079       42500   3457785 
	   Memory (MB)          :    197        2048      2048 

	Job terminated of its own accord at 2024-04-24T16:56:21Z with exit-code 0.
...
040 (2820372.006.000) 2024-04-24 11:56:25 Started transferring output files
...
040 (2820372.006.000) 2024-04-24 11:56:25 Finished transferring output files
...
005 (2820372.006.000) 2024-04-24 11:56:26 Job terminated.
	(1) Normal termination (return value 0)
		Usr 0 00:02:00, Sys 0 00:00:03  -  Run Remote Usage
		Usr 0 00:00:00, Sys 0 00:00:00  -  Run Local Usage
		Usr 0 00:02:00, Sys 0 00:00:03  -  Total Remote Usage
		Usr 0 00:00:00, Sys 0 00:00:00  -  Total Local Usage
	60384  -  Run Bytes Sent By Job
	42474576  -  Run Bytes Received By Job
	60384  -  Total Bytes Sent By Job
	42474576  -  Total Bytes Received By Job
	Partitionable Resources :     Usage  Request Allocated 
	   Cpus                 :      0.00        1         1 
	   Disk (KB)            : 216075       42500   3459260 
	   Memory (MB)          :    194        2048      2048 

	Job terminated of its own accord at 2024-04-24T16:56:25Z with exit-code 0.
...
040 (2820372.005.000) 2024-04-24 11:56:45 Started transferring output files
...
040 (2820372.005.000) 2024-04-24 11:56:45 Finished transferring output files
...
005 (2820372.005.000) 2024-04-24 11:56:45 Job terminated.
	(1) Normal termination (return value 0)
		Usr 0 00:00:00, Sys 0 00:00:00  -  Run Remote Usage
		Usr 0 00:00:00, Sys 0 00:00:00  -  Run Local Usage
		Usr 0 00:00:00, Sys 0 00:00:00  -  Total Remote Usage
		Usr 0 00:00:00, Sys 0 00:00:00  -  Total Local Usage
	66610  -  Run Bytes Sent By Job
	42474576  -  Run Bytes Received By Job
	66610  -  Total Bytes Sent By Job
	42474576  -  Total Bytes Received By Job
	Partitionable Resources :    Usage  Request Allocated 
	   Cpus                 :        0        1         1 
	   Disk (KB)            :   216082    42500   1676127 
	   Memory (MB)          :              2048      2048 

	Job terminated of its own accord at 2024-04-24T16:56:45Z with exit-code 0.
...
040 (2820372.008.000) 2024-04-24 11:56:49 Started transferring output files
...
040 (2820372.008.000) 2024-04-24 11:56:49 Finished transferring output files
...
005 (2820372.008.000) 2024-04-24 11:56:50 Job terminated.
	(1) Normal termination (return value 0)
		Usr 0 00:00:00, Sys 0 00:00:00  -  Run Remote Usage
		Usr 0 00:00:00, Sys 0 00:00:00  -  Run Local Usage
		Usr 0 00:00:00, Sys 0 00:00:00  -  Total Remote Usage
		Usr 0 00:00:00, Sys 0 00:00:00  -  Total Local Usage
	62697  -  Run Bytes Sent By Job
	42474576  -  Run Bytes Received By Job
	62697  -  Total Bytes Sent By Job
	42474576  -  Total Bytes Received By Job
	Partitionable Resources :     Usage  Request Allocated 
	   Cpus                 :      0.00        1         1 
	   Disk (KB)            : 216078       42500   1804652 
	   Memory (MB)          :               2048      2048 

	Job terminated of its own accord at 2024-04-24T16:56:49Z with exit-code 0.
...
