WARNING: In non-interactive mode release checks e.g. deprecated releases, production architectures are disabled.

 *** Break *** segmentation violation



===========================================================
There was a crash.
This is the entire stack trace of all threads:
===========================================================

Thread 6 (Thread 0x7ff6bbc85700 (LWP 240)):
#0  0x00007ff6cb662e29 in syscall () from /lib64/libc.so.6
#1  0x00007ff6bdf692ee in XrdSys::LinuxSemaphore::Wait (this=0x269aa60) at /build/cmsbld/auto-builds/CMSSW_10_6_0_pre4-slc7_amd64_gcc700/build/CMSSW_10_6_0_pre4-build/BUILD/slc7_amd64_gcc700/external/xrootd/4.8.5-pafccj/xrootd-4.8.5/src/./XrdSys/XrdSysLinuxSemaphore.hh:161
#2  XrdCl::SyncQueue<XrdCl::JobManager::JobHelper>::Get (this=0x29c1d88) at /build/cmsbld/auto-builds/CMSSW_10_6_0_pre4-slc7_amd64_gcc700/build/CMSSW_10_6_0_pre4-build/BUILD/slc7_amd64_gcc700/external/xrootd/4.8.5-pafccj/xrootd-4.8.5/src/./XrdCl/XrdClSyncQueue.hh:67
#3  XrdCl::JobManager::RunJobs (this=0x29c1d70) at /build/cmsbld/auto-builds/CMSSW_10_6_0_pre4-slc7_amd64_gcc700/build/CMSSW_10_6_0_pre4-build/BUILD/slc7_amd64_gcc700/external/xrootd/4.8.5-pafccj/xrootd-4.8.5/src/XrdCl/XrdClJobManager.cc:146
#4  0x00007ff6bdf694d9 in RunRunnerThread (arg=<optimized out>) at /build/cmsbld/auto-builds/CMSSW_10_6_0_pre4-slc7_amd64_gcc700/build/CMSSW_10_6_0_pre4-build/BUILD/slc7_amd64_gcc700/external/xrootd/4.8.5-pafccj/xrootd-4.8.5/src/XrdCl/XrdClJobManager.cc:33
#5  0x00007ff6cb941ea5 in start_thread () from /lib64/libpthread.so.0
#6  0x00007ff6cb668b0d in clone () from /lib64/libc.so.6

Thread 5 (Thread 0x7ff6bc486700 (LWP 239)):
#0  0x00007ff6cb662e29 in syscall () from /lib64/libc.so.6
#1  0x00007ff6bdf692ee in XrdSys::LinuxSemaphore::Wait (this=0x269aa60) at /build/cmsbld/auto-builds/CMSSW_10_6_0_pre4-slc7_amd64_gcc700/build/CMSSW_10_6_0_pre4-build/BUILD/slc7_amd64_gcc700/external/xrootd/4.8.5-pafccj/xrootd-4.8.5/src/./XrdSys/XrdSysLinuxSemaphore.hh:161
#2  XrdCl::SyncQueue<XrdCl::JobManager::JobHelper>::Get (this=0x29c1d88) at /build/cmsbld/auto-builds/CMSSW_10_6_0_pre4-slc7_amd64_gcc700/build/CMSSW_10_6_0_pre4-build/BUILD/slc7_amd64_gcc700/external/xrootd/4.8.5-pafccj/xrootd-4.8.5/src/./XrdCl/XrdClSyncQueue.hh:67
#3  XrdCl::JobManager::RunJobs (this=0x29c1d70) at /build/cmsbld/auto-builds/CMSSW_10_6_0_pre4-slc7_amd64_gcc700/build/CMSSW_10_6_0_pre4-build/BUILD/slc7_amd64_gcc700/external/xrootd/4.8.5-pafccj/xrootd-4.8.5/src/XrdCl/XrdClJobManager.cc:146
#4  0x00007ff6bdf694d9 in RunRunnerThread (arg=<optimized out>) at /build/cmsbld/auto-builds/CMSSW_10_6_0_pre4-slc7_amd64_gcc700/build/CMSSW_10_6_0_pre4-build/BUILD/slc7_amd64_gcc700/external/xrootd/4.8.5-pafccj/xrootd-4.8.5/src/XrdCl/XrdClJobManager.cc:33
#5  0x00007ff6cb941ea5 in start_thread () from /lib64/libpthread.so.0
#6  0x00007ff6cb668b0d in clone () from /lib64/libc.so.6

Thread 4 (Thread 0x7ff6bcc87700 (LWP 238)):
#0  0x00007ff6cb662e29 in syscall () from /lib64/libc.so.6
#1  0x00007ff6bdf692ee in XrdSys::LinuxSemaphore::Wait (this=0x269aa60) at /build/cmsbld/auto-builds/CMSSW_10_6_0_pre4-slc7_amd64_gcc700/build/CMSSW_10_6_0_pre4-build/BUILD/slc7_amd64_gcc700/external/xrootd/4.8.5-pafccj/xrootd-4.8.5/src/./XrdSys/XrdSysLinuxSemaphore.hh:161
#2  XrdCl::SyncQueue<XrdCl::JobManager::JobHelper>::Get (this=0x29c1d88) at /build/cmsbld/auto-builds/CMSSW_10_6_0_pre4-slc7_amd64_gcc700/build/CMSSW_10_6_0_pre4-build/BUILD/slc7_amd64_gcc700/external/xrootd/4.8.5-pafccj/xrootd-4.8.5/src/./XrdCl/XrdClSyncQueue.hh:67
#3  XrdCl::JobManager::RunJobs (this=0x29c1d70) at /build/cmsbld/auto-builds/CMSSW_10_6_0_pre4-slc7_amd64_gcc700/build/CMSSW_10_6_0_pre4-build/BUILD/slc7_amd64_gcc700/external/xrootd/4.8.5-pafccj/xrootd-4.8.5/src/XrdCl/XrdClJobManager.cc:146
#4  0x00007ff6bdf694d9 in RunRunnerThread (arg=<optimized out>) at /build/cmsbld/auto-builds/CMSSW_10_6_0_pre4-slc7_amd64_gcc700/build/CMSSW_10_6_0_pre4-build/BUILD/slc7_amd64_gcc700/external/xrootd/4.8.5-pafccj/xrootd-4.8.5/src/XrdCl/XrdClJobManager.cc:33
#5  0x00007ff6cb941ea5 in start_thread () from /lib64/libpthread.so.0
#6  0x00007ff6cb668b0d in clone () from /lib64/libc.so.6

Thread 3 (Thread 0x7ff6bd488700 (LWP 237)):
#0  0x00007ff6cb948e9d in nanosleep () from /lib64/libpthread.so.0
#1  0x00007ff6be33cded in XrdSysTimer::Wait (mills=<optimized out>) at /build/cmsbld/auto-builds/CMSSW_10_6_0_pre4-slc7_amd64_gcc700/build/CMSSW_10_6_0_pre4-build/BUILD/slc7_amd64_gcc700/external/xrootd/4.8.5-pafccj/xrootd-4.8.5/src/XrdSys/XrdSysTimer.cc:239
#2  0x00007ff6bdf0a9a8 in XrdCl::TaskManager::RunTasks (this=0x296ad70) at /build/cmsbld/auto-builds/CMSSW_10_6_0_pre4-slc7_amd64_gcc700/build/CMSSW_10_6_0_pre4-build/BUILD/slc7_amd64_gcc700/external/xrootd/4.8.5-pafccj/xrootd-4.8.5/src/XrdCl/XrdClTaskManager.cc:244
#3  0x00007ff6bdf0aaf9 in RunRunnerThread (arg=<optimized out>) at /build/cmsbld/auto-builds/CMSSW_10_6_0_pre4-slc7_amd64_gcc700/build/CMSSW_10_6_0_pre4-build/BUILD/slc7_amd64_gcc700/external/xrootd/4.8.5-pafccj/xrootd-4.8.5/src/XrdCl/XrdClTaskManager.cc:37
#4  0x00007ff6cb941ea5 in start_thread () from /lib64/libpthread.so.0
#5  0x00007ff6cb668b0d in clone () from /lib64/libc.so.6

Thread 2 (Thread 0x7ff6bdc89700 (LWP 236)):
#0  0x00007ff6cb6690e3 in epoll_wait () from /lib64/libc.so.6
#1  0x00007ff6be341c27 in XrdSys::IOEvents::PollE::Begin (this=0x2968ea0, syncsem=<optimized out>, retcode=<optimized out>, eTxt=<optimized out>) at /build/cmsbld/auto-builds/CMSSW_10_6_0_pre4-slc7_amd64_gcc700/build/CMSSW_10_6_0_pre4-build/BUILD/slc7_amd64_gcc700/external/xrootd/4.8.5-pafccj/xrootd-4.8.5/src/./XrdSys/XrdSysIOEventsPollE.icc:213
#2  0x00007ff6be33e505 in XrdSys::IOEvents::BootStrap::Start (parg=0x7fff50cb6fd0) at /build/cmsbld/auto-builds/CMSSW_10_6_0_pre4-slc7_amd64_gcc700/build/CMSSW_10_6_0_pre4-build/BUILD/slc7_amd64_gcc700/external/xrootd/4.8.5-pafccj/xrootd-4.8.5/src/XrdSys/XrdSysIOEvents.cc:131
#3  0x00007ff6be33c5e8 in XrdSysThread_Xeq (myargs=0x2993df0) at /build/cmsbld/auto-builds/CMSSW_10_6_0_pre4-slc7_amd64_gcc700/build/CMSSW_10_6_0_pre4-build/BUILD/slc7_amd64_gcc700/external/xrootd/4.8.5-pafccj/xrootd-4.8.5/src/XrdSys/XrdSysPthread.cc:86
#4  0x00007ff6cb941ea5 in start_thread () from /lib64/libpthread.so.0
#5  0x00007ff6cb668b0d in clone () from /lib64/libc.so.6

Thread 1 (Thread 0x7ff6cd600c80 (LWP 212)):
#0  0x00007ff6cb62f659 in waitpid () from /lib64/libc.so.6
#1  0x00007ff6cb5acf62 in do_system () from /lib64/libc.so.6
#2  0x00007ff6cb5ad311 in system () from /lib64/libc.so.6
#3  0x00007ff6ce37556d in TUnixSystem::StackTrace() () from /cvmfs/cms.cern.ch/slc7_amd64_gcc700/cms/cmssw/CMSSW_10_6_5/external/slc7_amd64_gcc700/lib/libCore.so
#4  0x00007ff6ce377e14 in TUnixSystem::DispatchSignals(ESignals) () from /cvmfs/cms.cern.ch/slc7_amd64_gcc700/cms/cmssw/CMSSW_10_6_5/external/slc7_amd64_gcc700/lib/libCore.so
#5  <signal handler called>
#6  0x00000000005f3646 in Jet::pt() const ()
#7  0x00000000005f8d90 in BHCJetSkimmer::FillResolutionHists() ()
#8  0x00000000005f1286 in BHCJetSkimmer::Skim() ()
#9  0x000000000070d519 in main ()
===========================================================


The lines below might hint at the cause of the crash.
You may get help by asking at the ROOT forum http://root.cern.ch/forum
Only if you are really convinced it is a bug in ROOT then please submit a
report at http://root.cern.ch/bugs Please post the ENTIRE stack trace
from above as an attachment in addition to anything else
that might help us fixing this issue.
===========================================================
#6  0x00000000005f3646 in Jet::pt() const ()
#7  0x00000000005f8d90 in BHCJetSkimmer::FillResolutionHists() ()
#8  0x00000000005f1286 in BHCJetSkimmer::Skim() ()
#9  0x000000000070d519 in main ()
===========================================================


